<?xml version="1.0" encoding="UTF-8"?>
<testng-results ignored="0" total="1" passed="1" failed="0" skipped="0">
  <reporter-output>
  </reporter-output>
  <suite started-at="2021-03-29T12:51:17 IST" name="Default suite" finished-at="2021-03-29T12:51:24 IST" duration-ms="6587">
    <groups>
    </groups>
    <test started-at="2021-03-29T12:51:17 IST" name="Default test" finished-at="2021-03-29T12:51:24 IST" duration-ms="6587">
      <class name="demopackage.TableUsingStreams">
        <test-method is-config="true" signature="setup()[pri:0, instance:demopackage.TableUsingStreams@2ddc8ecb]" started-at="2021-03-29T12:51:17 IST" name="setup" finished-at="2021-03-29T12:51:20 IST" duration-ms="3112" status="PASS">
          <reporter-output>
          </reporter-output>
        </test-method> <!-- setup -->
        <test-method signature="test2()[pri:0, instance:demopackage.TableUsingStreams@2ddc8ecb]" started-at="2021-03-29T12:51:20 IST" name="test2" finished-at="2021-03-29T12:51:23 IST" duration-ms="3404" status="PASS">
          <reporter-output>
          </reporter-output>
        </test-method> <!-- test2 -->
      </class> <!-- demopackage.TableUsingStreams -->
    </test> <!-- Default test -->
  </suite> <!-- Default suite -->
</testng-results>
